2026-06-22T19:24:49Z INF Thank you for trying Cloudflare Tunnel. Doing so, without a Cloudflare account, is a quick way to experiment and try it out. However, be aware that these account-less Tunnels have no uptime guarantee, are subject to the Cloudflare Online Services Terms of Use (https://www.cloudflare.com/website-terms/), and Cloudflare reserves the right to investigate your use of Tunnels for violations of such terms. If you intend to use Tunnels in production you should use a pre-created named tunnel by following: https://developers.cloudflare.com/cloudflare-one/connections/connect-apps
2026-06-22T19:24:49Z INF Requesting new quick Tunnel on trycloudflare.com...
2026-06-22T19:24:53Z INF +--------------------------------------------------------------------------------------------+
2026-06-22T19:24:53Z INF |  Your quick Tunnel has been created! Visit it at (it may take some time to be reachable):  |
2026-06-22T19:24:53Z INF |  https://referenced-included-sox-settle.trycloudflare.com                                  |
2026-06-22T19:24:53Z INF +--------------------------------------------------------------------------------------------+
2026-06-22T19:24:53Z INF Cannot determine default configuration path. No file [config.yml config.yaml] in [~/.cloudflared ~/.cloudflare-warp ~/cloudflare-warp /etc/cloudflared /usr/local/etc/cloudflared]
2026-06-22T19:24:53Z INF Version 2026.5.2 (Checksum 5a4e8ce2701105271412059f44b6a0bf1ae4542b4d98ff3180c0c019443a5815)
2026-06-22T19:24:53Z INF GOOS: linux, GOVersion: go1.26.3, GoArch: arm64
2026-06-22T19:24:53Z INF Settings: map[ha-connections:1 no-autoupdate:true protocol:quic url:http://localhost:8080]
2026-06-22T19:24:53Z INF cloudflared will not automatically update if installed by a package manager.
2026-06-22T19:24:53Z INF Generated Connector ID: 21541b8a-3b67-4358-aa6e-605b8d93b1e8
2026-06-22T19:24:53Z INF Initial protocol quic
2026-06-22T19:24:53Z INF ICMP proxy will use 10.0.0.237 as source for IPv4
2026-06-22T19:24:53Z INF ICMP proxy will use fe80::17ff:fe05:8b63 in zone enp0s6 as source for IPv6
2026/06/22 19:24:53 failed to sufficiently increase receive buffer size (was: 224 kiB, wanted: 7168 kiB, got: 448 kiB). See https://github.com/quic-go/quic-go/wiki/UDP-Buffer-Sizes for details.
2026-06-22T19:24:53Z INF ICMP proxy will use 10.0.0.237 as source for IPv4
2026-06-22T19:24:53Z INF ICMP proxy will use fe80::17ff:fe05:8b63 in zone enp0s6 as source for IPv6
2026-06-22T19:24:53Z INF Starting metrics server on 127.0.0.1:20242/metrics
2026-06-22T19:24:53Z INF Tunnel connection curve preferences: [X25519MLKEM768 CurveID(65074) CurveP256] connIndex=0 event=0 ip=198.41.192.227
2026-06-22T19:24:53Z INF Registered tunnel connection connIndex=0 connection=f0769b19-8ec6-4129-a968-ddbcac30647d event=0 ip=198.41.192.227 location=iad17 protocol=quic
2026-06-22T19:24:59Z INF +-------------------------------------------------------------------------------------+
2026-06-22T19:24:59Z INF |                               CONNECTIVITY PRE-CHECKS                               |
2026-06-22T19:24:59Z INF +-------------------------------------------------------------------------------------+
2026-06-22T19:24:59Z INF |  COMPONENT         TARGET                     STATUS  DETAILS                       |
2026-06-22T19:24:59Z INF |  DNS Resolution    region1.v2.argotunnel.com  PASS    DNS Resolved successfully     |
2026-06-22T19:24:59Z INF |  DNS Resolution    region2.v2.argotunnel.com  PASS    DNS Resolved successfully     |
2026-06-22T19:24:59Z INF |  UDP Connectivity  region1.v2.argotunnel.com  PASS    QUIC connection successful    |
2026-06-22T19:24:59Z INF |  UDP Connectivity  region2.v2.argotunnel.com  PASS    QUIC connection successful    |
2026-06-22T19:24:59Z INF |  TCP Connectivity  region1.v2.argotunnel.com  PASS    HTTP/2 connection successful  |
2026-06-22T19:24:59Z INF |  TCP Connectivity  region2.v2.argotunnel.com  PASS    HTTP/2 connection successful  |
2026-06-22T19:24:59Z INF |  Cloudflare API    api.cloudflare.com:443     PASS    API is reachable              |
2026-06-22T19:24:59Z INF |                                                                                     |
2026-06-22T19:24:59Z INF |  SUMMARY: Environment is healthy. cloudflared will use 'quic' as primary protocol.  |
2026-06-22T19:24:59Z INF +-------------------------------------------------------------------------------------+
2026-06-22T19:24:59Z INF precheck component="DNS Resolution" details="DNS Resolved successfully" run_id=8b1ffe27-5872-4e2d-a978-ddd2be8009f5 status=pass target=region1.v2.argotunnel.com
2026-06-22T19:24:59Z INF precheck component="DNS Resolution" details="DNS Resolved successfully" run_id=8b1ffe27-5872-4e2d-a978-ddd2be8009f5 status=pass target=region2.v2.argotunnel.com
2026-06-22T19:24:59Z INF precheck component="UDP Connectivity" details="QUIC connection successful" run_id=8b1ffe27-5872-4e2d-a978-ddd2be8009f5 status=pass target=region1.v2.argotunnel.com
2026-06-22T19:24:59Z INF precheck component="UDP Connectivity" details="QUIC connection successful" run_id=8b1ffe27-5872-4e2d-a978-ddd2be8009f5 status=pass target=region2.v2.argotunnel.com
2026-06-22T19:24:59Z INF precheck component="TCP Connectivity" details="HTTP/2 connection successful" run_id=8b1ffe27-5872-4e2d-a978-ddd2be8009f5 status=pass target=region1.v2.argotunnel.com
2026-06-22T19:24:59Z INF precheck component="TCP Connectivity" details="HTTP/2 connection successful" run_id=8b1ffe27-5872-4e2d-a978-ddd2be8009f5 status=pass target=region2.v2.argotunnel.com
2026-06-22T19:24:59Z INF precheck component="Cloudflare API" details="API is reachable" run_id=8b1ffe27-5872-4e2d-a978-ddd2be8009f5 status=pass target=api.cloudflare.com:443
2026-06-22T19:24:59Z INF precheck complete hard_fail=false run_id=8b1ffe27-5872-4e2d-a978-ddd2be8009f5 suggested_protocol=quic
